Number:S006 Name: 学生六 Age: 17 GPA: 3.21
Number:S001 Name: 学生一 Age: 18 GPA: 3.66
Number:S005 Name: 学生五 Age: 18 GPA: 2.90
Number:S003 Name: 学生三 Age: 19 GPA: 2.67
Number:S002 Name: 学生二 Age: 20 GPA: 2.70
Number:S004 Name: 学生四 Age: 21 GPA: 2.74
Number:T002 Name: 员工二 Age: 28 Salary: 1348
Number:T004 Name: 员工四 Age: 34 Salary: 3481
Number:T003 Name: 员工三 Age: 51 Salary: 1243
Number:T001 Name: 员工一 Age: 58 Salary: 348

Number:T004 Name: 员工四 Age: 34 Salary: 3481
Number:T002 Name: 员工二 Age: 28 Salary: 1348
Number:T003 Name: 员工三 Age: 51 Salary: 1243
Number:T001 Name: 员工一 Age: 58 Salary: 348

Number:S001 Name: 学生一 Age: 18 GPA: 3.66
Number:S006 Name: 学生六 Age: 17 GPA: 3.21
Number:S005 Name: 学生五 Age: 18 GPA: 2.90
Number:S004 Name: 学生四 Age: 21 GPA: 2.74
Number:S002 Name: 学生二 Age: 20 GPA: 2.70
Number:S003 Name: 学生三 Age: 19 GPA: 2.67
