[ERROR] Student 202200130240's information is not found.
[ERROR] Curriculum 0008 is not found.
[ERROR] Student 202200130240's information is not found.
[ERROR] Curriculum 0008 is not found.
202200130147 陈宇飞 5.00
202200130222 陈政彬 4.90
202222161172 孔轲祎 4.90
202200460115 陈欣宇 4.50
202222130201 单红旗 4.50
202222460127 司韶君 4.20
202222171174 顾轩昂 4.00
202200130076 刘子龙 3.50
202222400150 侯博涵 3.40
202222201115 王艺臻 3.30
202200450040 闫祖铭 3.00
202200460118 霍胜杰 3.00
202222150135 高源 2.50
202200171012 李曜彤 2.50
202222130196 梁云森 2.50
202200130119 于斐 1.80
202222130198 王新宇 1.50
202200201148 王鹤松 1.00
202222150140 李高源 1.00
